set high-availability vrrp group service_nw01 interface 'eth1'
set high-availability vrrp group service_nw01 priority '100'
set high-availability vrrp group service_nw01 virtual-address 192.168.1.254/24
set high-availability vrrp group service_nw01 vrid '10'
set high-availability vrrp group service_nw02 interface 'eth2'
set high-availability vrrp group service_nw02 priority '100'
set high-availability vrrp group service_nw02 virtual-address 192.168.2.254/24
set high-availability vrrp group service_nw02 vrid '20'
set high-availability vrrp sync-group MAIN member 'service_nw01'
set high-availability vrrp sync-group MAIN member 'service_nw02'
set interfaces ethernet eth1 address '192.168.1.253/24'
set interfaces ethernet eth1 ipv6 address no-default-link-local
set interfaces ethernet eth1 offload gso
set interfaces ethernet eth1 offload sg
set interfaces ethernet eth1 offload tso
set interfaces ethernet eth2 address '192.168.2.253/24'
set interfaces ethernet eth2 ipv6 address no-default-link-local
set interfaces ethernet eth2 offload gso
set interfaces ethernet eth2 offload sg
set interfaces ethernet eth2 offload tso
set service ssh
set system config-management commit-revisions '100'
set system conntrack modules ftp
set system conntrack modules h323
set system conntrack modules nfs
set system conntrack modules pptp
set system conntrack modules sip
set system conntrack modules sqlnet
set system conntrack modules tftp
set system console device ttyS0 speed '115200'
set system host-name 'vyos02'
set system login user vyos authentication encrypted-password '$6$QxPS.uk6mfo$9QBSo8u1FkH16gMyAVhus6fU3LOzvLR9Z9.82m3tiHFAxTtIkhaZSWssSgzt4v4dGAL8rhVQxTg0oAG9/q11h/'
set system login user vyos authentication plaintext-password ''
set system name-server '9.9.9.9'
set system name-server '149.112.112.112'
set system name-server '2620:fe::fe'
set system name-server '2620:fe::9'
set system ntp server time1.vyos.net
set system ntp server time2.vyos.net
set system ntp server time3.vyos.net
set system syslog global facility all level 'info'
set system syslog global facility protocols level 'debug'